<?xml version="1.0" encoding="UTF-8"?>
<testsuite xmlns:xsi="http://www.w3.org/2001/XMLSchema-instance" xsi:noNamespaceSchemaLocation="https://maven.apache.org/surefire/maven-surefire-plugin/xsd/surefire-test-report.xsd" version="3.0.2" name="com.kalyan.catalog_service.domain.ProductRepositoryTest" time="4.239" tests="3" errors="0" skipped="0" failures="0">
  <properties>
    <property name="java.specification.version" value="21"/>
    <property name="sun.cpu.isalist" value="amd64"/>
    <property name="sun.jnu.encoding" value="Cp1252"/>
    <property name="java.class.path" value="C:\Users\kalya\OneDrive\Documents\springboot projects\spring-boot-microservices-course\catalog-service\target\test-classes;C:\Users\kalya\OneDrive\Documents\springboot projects\spring-boot-microservices-course\catalog-service\target\classes;C:\Users\kalya\.m2\repository\org\springframework\boot\spring-boot-starter-actuator\3.4.1\spring-boot-starter-actuator-3.4.1.jar;C:\Users\kalya\.m2\repository\org\springframework\boot\spring-boot-starter\3.4.1\spring-boot-starter-3.4.1.jar;C:\Users\kalya\.m2\repository\org\springframework\boot\spring-boot-starter-logging\3.4.1\spring-boot-starter-logging-3.4.1.jar;C:\Users\kalya\.m2\repository\ch\qos\logback\logback-classic\1.5.12\logback-classic-1.5.12.jar;C:\Users\kalya\.m2\repository\ch\qos\logback\logback-core\1.5.12\logback-core-1.5.12.jar;C:\Users\kalya\.m2\repository\org\apache\logging\log4j\log4j-to-slf4j\2.24.3\log4j-to-slf4j-2.24.3.jar;C:\Users\kalya\.m2\repository\org\apache\logging\log4j\log4j-api\2.24.3\log4j-api-2.24.3.jar;C:\Users\kalya\.m2\repository\org\slf4j\jul-to-slf4j\2.0.16\jul-to-slf4j-2.0.16.jar;C:\Users\kalya\.m2\repository\jakarta\annotation\jakarta.annotation-api\2.1.1\jakarta.annotation-api-2.1.1.jar;C:\Users\kalya\.m2\repository\org\yaml\snakeyaml\2.3\snakeyaml-2.3.jar;C:\Users\kalya\.m2\repository\org\springframework\boot\spring-boot-actuator-autoconfigure\3.4.1\spring-boot-actuator-autoconfigure-3.4.1.jar;C:\Users\kalya\.m2\repository\org\springframework\boot\spring-boot-actuator\3.4.1\spring-boot-actuator-3.4.1.jar;C:\Users\kalya\.m2\repository\com\fasterxml\jackson\core\jackson-databind\2.18.2\jackson-databind-2.18.2.jar;C:\Users\kalya\.m2\repository\io\micrometer\micrometer-observation\1.14.2\micrometer-observation-1.14.2.jar;C:\Users\kalya\.m2\repository\io\micrometer\micrometer-commons\1.14.2\micrometer-commons-1.14.2.jar;C:\Users\kalya\.m2\repository\io\micrometer\micrometer-jakarta9\1.14.2\micrometer-jakarta9-1.14.2.jar;C:\Users\kalya\.m2\repository\org\springframework\boot\spring-boot-starter-data-jpa\3.4.1\spring-boot-starter-data-jpa-3.4.1.jar;C:\Users\kalya\.m2\repository\org\springframework\boot\spring-boot-starter-jdbc\3.4.1\spring-boot-starter-jdbc-3.4.1.jar;C:\Users\kalya\.m2\repository\com\zaxxer\HikariCP\5.1.0\HikariCP-5.1.0.jar;C:\Users\kalya\.m2\repository\org\springframework\spring-jdbc\6.2.1\spring-jdbc-6.2.1.jar;C:\Users\kalya\.m2\repository\org\hibernate\orm\hibernate-core\6.6.4.Final\hibernate-core-6.6.4.Final.jar;C:\Users\kalya\.m2\repository\jakarta\persistence\jakarta.persistence-api\3.1.0\jakarta.persistence-api-3.1.0.jar;C:\Users\kalya\.m2\repository\jakarta\transaction\jakarta.transaction-api\2.0.1\jakarta.transaction-api-2.0.1.jar;C:\Users\kalya\.m2\repository\org\jboss\logging\jboss-logging\3.6.1.Final\jboss-logging-3.6.1.Final.jar;C:\Users\kalya\.m2\repository\org\hibernate\common\hibernate-commons-annotations\7.0.3.Final\hibernate-commons-annotations-7.0.3.Final.jar;C:\Users\kalya\.m2\repository\io\smallrye\jandex\3.2.0\jandex-3.2.0.jar;C:\Users\kalya\.m2\repository\com\fasterxml\classmate\1.7.0\classmate-1.7.0.jar;C:\Users\kalya\.m2\repository\net\bytebuddy\byte-buddy\1.15.11\byte-buddy-1.15.11.jar;C:\Users\kalya\.m2\repository\org\glassfish\jaxb\jaxb-runtime\4.0.5\jaxb-runtime-4.0.5.jar;C:\Users\kalya\.m2\repository\org\glassfish\jaxb\jaxb-core\4.0.5\jaxb-core-4.0.5.jar;C:\Users\kalya\.m2\repository\org\eclipse\angus\angus-activation\2.0.2\angus-activation-2.0.2.jar;C:\Users\kalya\.m2\repository\org\glassfish\jaxb\txw2\4.0.5\txw2-4.0.5.jar;C:\Users\kalya\.m2\repository\com\sun\istack\istack-commons-runtime\4.1.2\istack-commons-runtime-4.1.2.jar;C:\Users\kalya\.m2\repository\jakarta\inject\jakarta.inject-api\2.0.1\jakarta.inject-api-2.0.1.jar;C:\Users\kalya\.m2\repository\org\antlr\antlr4-runtime\4.13.0\antlr4-runtime-4.13.0.jar;C:\Users\kalya\.m2\repository\org\springframework\data\spring-data-jpa\3.4.1\spring-data-jpa-3.4.1.jar;C:\Users\kalya\.m2\repository\org\springframework\data\spring-data-commons\3.4.1\spring-data-commons-3.4.1.jar;C:\Users\kalya\.m2\repository\org\springframework\spring-orm\6.2.1\spring-orm-6.2.1.jar;C:\Users\kalya\.m2\repository\org\springframework\spring-context\6.2.1\spring-context-6.2.1.jar;C:\Users\kalya\.m2\repository\org\springframework\spring-aop\6.2.1\spring-aop-6.2.1.jar;C:\Users\kalya\.m2\repository\org\springframework\spring-tx\6.2.1\spring-tx-6.2.1.jar;C:\Users\kalya\.m2\repository\org\springframework\spring-beans\6.2.1\spring-beans-6.2.1.jar;C:\Users\kalya\.m2\repository\org\slf4j\slf4j-api\2.0.16\slf4j-api-2.0.16.jar;C:\Users\kalya\.m2\repository\org\springframework\spring-aspects\6.2.1\spring-aspects-6.2.1.jar;C:\Users\kalya\.m2\repository\org\aspectj\aspectjweaver\1.9.22.1\aspectjweaver-1.9.22.1.jar;C:\Users\kalya\.m2\repository\org\springframework\boot\spring-boot-starter-validation\3.4.1\spring-boot-starter-validation-3.4.1.jar;C:\Users\kalya\.m2\repository\org\apache\tomcat\embed\tomcat-embed-el\10.1.34\tomcat-embed-el-10.1.34.jar;C:\Users\kalya\.m2\repository\org\hibernate\validator\hibernate-validator\8.0.2.Final\hibernate-validator-8.0.2.Final.jar;C:\Users\kalya\.m2\repository\jakarta\validation\jakarta.validation-api\3.0.2\jakarta.validation-api-3.0.2.jar;C:\Users\kalya\.m2\repository\org\springframework\boot\spring-boot-starter-web\3.4.1\spring-boot-starter-web-3.4.1.jar;C:\Users\kalya\.m2\repository\org\springframework\boot\spring-boot-starter-json\3.4.1\spring-boot-starter-json-3.4.1.jar;C:\Users\kalya\.m2\repository\com\fasterxml\jackson\datatype\jackson-datatype-jdk8\2.18.2\jackson-datatype-jdk8-2.18.2.jar;C:\Users\kalya\.m2\repository\com\fasterxml\jackson\module\jackson-module-parameter-names\2.18.2\jackson-module-parameter-names-2.18.2.jar;C:\Users\kalya\.m2\repository\org\springframework\boot\spring-boot-starter-tomcat\3.4.1\spring-boot-starter-tomcat-3.4.1.jar;C:\Users\kalya\.m2\repository\org\apache\tomcat\embed\tomcat-embed-core\10.1.34\tomcat-embed-core-10.1.34.jar;C:\Users\kalya\.m2\repository\org\apache\tomcat\embed\tomcat-embed-websocket\10.1.34\tomcat-embed-websocket-10.1.34.jar;C:\Users\kalya\.m2\repository\org\springframework\spring-web\6.2.1\spring-web-6.2.1.jar;C:\Users\kalya\.m2\repository\org\springframework\spring-webmvc\6.2.1\spring-webmvc-6.2.1.jar;C:\Users\kalya\.m2\repository\org\springframework\spring-expression\6.2.1\spring-expression-6.2.1.jar;C:\Users\kalya\.m2\repository\org\flywaydb\flyway-core\10.20.1\flyway-core-10.20.1.jar;C:\Users\kalya\.m2\repository\com\fasterxml\jackson\dataformat\jackson-dataformat-toml\2.18.2\jackson-dataformat-toml-2.18.2.jar;C:\Users\kalya\.m2\repository\com\fasterxml\jackson\core\jackson-core\2.18.2\jackson-core-2.18.2.jar;C:\Users\kalya\.m2\repository\com\fasterxml\jackson\datatype\jackson-datatype-jsr310\2.18.2\jackson-datatype-jsr310-2.18.2.jar;C:\Users\kalya\.m2\repository\com\fasterxml\jackson\core\jackson-annotations\2.18.2\jackson-annotations-2.18.2.jar;C:\Users\kalya\.m2\repository\org\flywaydb\flyway-database-postgresql\10.20.1\flyway-database-postgresql-10.20.1.jar;C:\Users\kalya\.m2\repository\org\springdoc\springdoc-openapi-starter-webmvc-ui\2.6.0\springdoc-openapi-starter-webmvc-ui-2.6.0.jar;C:\Users\kalya\.m2\repository\org\springdoc\springdoc-openapi-starter-webmvc-api\2.6.0\springdoc-openapi-starter-webmvc-api-2.6.0.jar;C:\Users\kalya\.m2\repository\org\springdoc\springdoc-openapi-starter-common\2.6.0\springdoc-openapi-starter-common-2.6.0.jar;C:\Users\kalya\.m2\repository\io\swagger\core\v3\swagger-core-jakarta\2.2.22\swagger-core-jakarta-2.2.22.jar;C:\Users\kalya\.m2\repository\io\swagger\core\v3\swagger-annotations-jakarta\2.2.22\swagger-annotations-jakarta-2.2.22.jar;C:\Users\kalya\.m2\repository\io\swagger\core\v3\swagger-models-jakarta\2.2.22\swagger-models-jakarta-2.2.22.jar;C:\Users\kalya\.m2\repository\com\fasterxml\jackson\dataformat\jackson-dataformat-yaml\2.18.2\jackson-dataformat-yaml-2.18.2.jar;C:\Users\kalya\.m2\repository\org\webjars\swagger-ui\5.17.14\swagger-ui-5.17.14.jar;C:\Users\kalya\.m2\repository\org\springframework\boot\spring-boot-devtools\3.4.1\spring-boot-devtools-3.4.1.jar;C:\Users\kalya\.m2\repository\org\springframework\boot\spring-boot\3.4.1\spring-boot-3.4.1.jar;C:\Users\kalya\.m2\repository\org\springframework\boot\spring-boot-autoconfigure\3.4.1\spring-boot-autoconfigure-3.4.1.jar;C:\Users\kalya\.m2\repository\io\micrometer\micrometer-registry-prometheus\1.14.2\micrometer-registry-prometheus-1.14.2.jar;C:\Users\kalya\.m2\repository\io\micrometer\micrometer-core\1.14.2\micrometer-core-1.14.2.jar;C:\Users\kalya\.m2\repository\org\hdrhistogram\HdrHistogram\2.2.2\HdrHistogram-2.2.2.jar;C:\Users\kalya\.m2\repository\org\latencyutils\LatencyUtils\2.0.3\LatencyUtils-2.0.3.jar;C:\Users\kalya\.m2\repository\io\prometheus\prometheus-metrics-core\1.3.5\prometheus-metrics-core-1.3.5.jar;C:\Users\kalya\.m2\repository\io\prometheus\prometheus-metrics-model\1.3.5\prometheus-metrics-model-1.3.5.jar;C:\Users\kalya\.m2\repository\io\prometheus\prometheus-metrics-config\1.3.5\prometheus-metrics-config-1.3.5.jar;C:\Users\kalya\.m2\repository\io\prometheus\prometheus-metrics-tracer-common\1.3.5\prometheus-metrics-tracer-common-1.3.5.jar;C:\Users\kalya\.m2\repository\io\prometheus\prometheus-metrics-exposition-formats\1.3.5\prometheus-metrics-exposition-formats-1.3.5.jar;C:\Users\kalya\.m2\repository\io\prometheus\prometheus-metrics-exposition-textformats\1.3.5\prometheus-metrics-exposition-textformats-1.3.5.jar;C:\Users\kalya\.m2\repository\org\postgresql\postgresql\42.7.4\postgresql-42.7.4.jar;C:\Users\kalya\.m2\repository\org\checkerframework\checker-qual\3.42.0\checker-qual-3.42.0.jar;C:\Users\kalya\.m2\repository\org\springframework\boot\spring-boot-configuration-processor\3.4.1\spring-boot-configuration-processor-3.4.1.jar;C:\Users\kalya\.m2\repository\org\springframework\boot\spring-boot-starter-test\3.4.1\spring-boot-starter-test-3.4.1.jar;C:\Users\kalya\.m2\repository\org\springframework\boot\spring-boot-test\3.4.1\spring-boot-test-3.4.1.jar;C:\Users\kalya\.m2\repository\org\springframework\boot\spring-boot-test-autoconfigure\3.4.1\spring-boot-test-autoconfigure-3.4.1.jar;C:\Users\kalya\.m2\repository\com\jayway\jsonpath\json-path\2.9.0\json-path-2.9.0.jar;C:\Users\kalya\.m2\repository\jakarta\xml\bind\jakarta.xml.bind-api\4.0.2\jakarta.xml.bind-api-4.0.2.jar;C:\Users\kalya\.m2\repository\jakarta\activation\jakarta.activation-api\2.1.3\jakarta.activation-api-2.1.3.jar;C:\Users\kalya\.m2\repository\net\minidev\json-smart\2.5.1\json-smart-2.5.1.jar;C:\Users\kalya\.m2\repository\net\minidev\accessors-smart\2.5.1\accessors-smart-2.5.1.jar;C:\Users\kalya\.m2\repository\org\ow2\asm\asm\9.6\asm-9.6.jar;C:\Users\kalya\.m2\repository\org\assertj\assertj-core\3.26.3\assertj-core-3.26.3.jar;C:\Users\kalya\.m2\repository\org\awaitility\awaitility\4.2.2\awaitility-4.2.2.jar;C:\Users\kalya\.m2\repository\org\hamcrest\hamcrest\2.2\hamcrest-2.2.jar;C:\Users\kalya\.m2\repository\org\junit\jupiter\junit-jupiter\5.11.4\junit-jupiter-5.11.4.jar;C:\Users\kalya\.m2\repository\org\junit\jupiter\junit-jupiter-api\5.11.4\junit-jupiter-api-5.11.4.jar;C:\Users\kalya\.m2\repository\org\opentest4j\opentest4j\1.3.0\opentest4j-1.3.0.jar;C:\Users\kalya\.m2\repository\org\junit\platform\junit-platform-commons\1.11.4\junit-platform-commons-1.11.4.jar;C:\Users\kalya\.m2\repository\org\apiguardian\apiguardian-api\1.1.2\apiguardian-api-1.1.2.jar;C:\Users\kalya\.m2\repository\org\junit\jupiter\junit-jupiter-params\5.11.4\junit-jupiter-params-5.11.4.jar;C:\Users\kalya\.m2\repository\org\junit\jupiter\junit-jupiter-engine\5.11.4\junit-jupiter-engine-5.11.4.jar;C:\Users\kalya\.m2\repository\org\junit\platform\junit-platform-engine\1.11.4\junit-platform-engine-1.11.4.jar;C:\Users\kalya\.m2\repository\org\mockito\mockito-core\5.14.2\mockito-core-5.14.2.jar;C:\Users\kalya\.m2\repository\net\bytebuddy\byte-buddy-agent\1.15.11\byte-buddy-agent-1.15.11.jar;C:\Users\kalya\.m2\repository\org\objenesis\objenesis\3.3\objenesis-3.3.jar;C:\Users\kalya\.m2\repository\org\mockito\mockito-junit-jupiter\5.14.2\mockito-junit-jupiter-5.14.2.jar;C:\Users\kalya\.m2\repository\org\skyscreamer\jsonassert\1.5.3\jsonassert-1.5.3.jar;C:\Users\kalya\.m2\repository\com\vaadin\external\google\android-json\0.0.20131108.vaadin1\android-json-0.0.20131108.vaadin1.jar;C:\Users\kalya\.m2\repository\org\springframework\spring-core\6.2.1\spring-core-6.2.1.jar;C:\Users\kalya\.m2\repository\org\springframework\spring-jcl\6.2.1\spring-jcl-6.2.1.jar;C:\Users\kalya\.m2\repository\org\springframework\spring-test\6.2.1\spring-test-6.2.1.jar;C:\Users\kalya\.m2\repository\org\xmlunit\xmlunit-core\2.10.0\xmlunit-core-2.10.0.jar;C:\Users\kalya\.m2\repository\org\springframework\boot\spring-boot-testcontainers\3.4.1\spring-boot-testcontainers-3.4.1.jar;C:\Users\kalya\.m2\repository\org\testcontainers\testcontainers\1.20.4\testcontainers-1.20.4.jar;C:\Users\kalya\.m2\repository\junit\junit\4.13.2\junit-4.13.2.jar;C:\Users\kalya\.m2\repository\org\hamcrest\hamcrest-core\2.2\hamcrest-core-2.2.jar;C:\Users\kalya\.m2\repository\org\apache\commons\commons-compress\1.24.0\commons-compress-1.24.0.jar;C:\Users\kalya\.m2\repository\org\rnorth\duct-tape\duct-tape\1.0.8\duct-tape-1.0.8.jar;C:\Users\kalya\.m2\repository\org\jetbrains\annotations\17.0.0\annotations-17.0.0.jar;C:\Users\kalya\.m2\repository\com\github\docker-java\docker-java-api\3.4.0\docker-java-api-3.4.0.jar;C:\Users\kalya\.m2\repository\com\github\docker-java\docker-java-transport-zerodep\3.4.0\docker-java-transport-zerodep-3.4.0.jar;C:\Users\kalya\.m2\repository\com\github\docker-java\docker-java-transport\3.4.0\docker-java-transport-3.4.0.jar;C:\Users\kalya\.m2\repository\net\java\dev\jna\jna\5.13.0\jna-5.13.0.jar;C:\Users\kalya\.m2\repository\org\testcontainers\junit-jupiter\1.20.4\junit-jupiter-1.20.4.jar;C:\Users\kalya\.m2\repository\org\testcontainers\postgresql\1.20.4\postgresql-1.20.4.jar;C:\Users\kalya\.m2\repository\org\testcontainers\jdbc\1.20.4\jdbc-1.20.4.jar;C:\Users\kalya\.m2\repository\org\testcontainers\database-commons\1.20.4\database-commons-1.20.4.jar;C:\Users\kalya\.m2\repository\io\rest-assured\rest-assured\5.5.0\rest-assured-5.5.0.jar;C:\Users\kalya\.m2\repository\org\apache\groovy\groovy\4.0.24\groovy-4.0.24.jar;C:\Users\kalya\.m2\repository\org\apache\groovy\groovy-xml\4.0.24\groovy-xml-4.0.24.jar;C:\Users\kalya\.m2\repository\org\apache\httpcomponents\httpclient\4.5.13\httpclient-4.5.13.jar;C:\Users\kalya\.m2\repository\org\apache\httpcomponents\httpcore\4.4.16\httpcore-4.4.16.jar;C:\Users\kalya\.m2\repository\commons-logging\commons-logging\1.2\commons-logging-1.2.jar;C:\Users\kalya\.m2\repository\commons-codec\commons-codec\1.17.1\commons-codec-1.17.1.jar;C:\Users\kalya\.m2\repository\org\apache\httpcomponents\httpmime\4.5.13\httpmime-4.5.13.jar;C:\Users\kalya\.m2\repository\org\ccil\cowan\tagsoup\tagsoup\1.2.1\tagsoup-1.2.1.jar;C:\Users\kalya\.m2\repository\io\rest-assured\json-path\5.5.0\json-path-5.5.0.jar;C:\Users\kalya\.m2\repository\org\apache\groovy\groovy-json\4.0.24\groovy-json-4.0.24.jar;C:\Users\kalya\.m2\repository\io\rest-assured\rest-assured-common\5.5.0\rest-assured-common-5.5.0.jar;C:\Users\kalya\.m2\repository\io\rest-assured\xml-path\5.5.0\xml-path-5.5.0.jar;C:\Users\kalya\.m2\repository\org\apache\commons\commons-lang3\3.17.0\commons-lang3-3.17.0.jar;"/>
    <property name="java.vm.vendor" value="Amazon.com Inc."/>
    <property name="sun.arch.data.model" value="64"/>
    <property name="user.variant" value=""/>
    <property name="catalina.useNaming" value="false"/>
    <property name="java.vendor.url" value="https://aws.amazon.com/corretto/"/>
    <property name="user.timezone" value="America/New_York"/>
    <property name="org.jboss.logging.provider" value="slf4j"/>
    <property name="os.name" value="Windows 11"/>
    <property name="java.vm.specification.version" value="21"/>
    <property name="APPLICATION_NAME" value="catalog-service"/>
    <property name="sun.java.launcher" value="SUN_STANDARD"/>
    <property name="user.country" value="US"/>
    <property name="sun.boot.library.path" value="C:\Users\kalya\.sdkman\candidates\java\current\bin"/>
    <property name="sun.java.command" value="C:\Users\kalya\AppData\Local\Temp\surefire6306966584268353\surefirebooter-20250125122714879_3.jar C:\Users\kalya\AppData\Local\Temp\surefire6306966584268353 2025-01-25T12-27-14_581-jvmRun1 surefire-20250125122714879_1tmp surefire_0-20250125122714879_2tmp"/>
    <property name="jdk.debug" value="release"/>
    <property name="surefire.test.class.path" value="C:\Users\kalya\OneDrive\Documents\springboot projects\spring-boot-microservices-course\catalog-service\target\test-classes;C:\Users\kalya\OneDrive\Documents\springboot projects\spring-boot-microservices-course\catalog-service\target\classes;C:\Users\kalya\.m2\repository\org\springframework\boot\spring-boot-starter-actuator\3.4.1\spring-boot-starter-actuator-3.4.1.jar;C:\Users\kalya\.m2\repository\org\springframework\boot\spring-boot-starter\3.4.1\spring-boot-starter-3.4.1.jar;C:\Users\kalya\.m2\repository\org\springframework\boot\spring-boot-starter-logging\3.4.1\spring-boot-starter-logging-3.4.1.jar;C:\Users\kalya\.m2\repository\ch\qos\logback\logback-classic\1.5.12\logback-classic-1.5.12.jar;C:\Users\kalya\.m2\repository\ch\qos\logback\logback-core\1.5.12\logback-core-1.5.12.jar;C:\Users\kalya\.m2\repository\org\apache\logging\log4j\log4j-to-slf4j\2.24.3\log4j-to-slf4j-2.24.3.jar;C:\Users\kalya\.m2\repository\org\apache\logging\log4j\log4j-api\2.24.3\log4j-api-2.24.3.jar;C:\Users\kalya\.m2\repository\org\slf4j\jul-to-slf4j\2.0.16\jul-to-slf4j-2.0.16.jar;C:\Users\kalya\.m2\repository\jakarta\annotation\jakarta.annotation-api\2.1.1\jakarta.annotation-api-2.1.1.jar;C:\Users\kalya\.m2\repository\org\yaml\snakeyaml\2.3\snakeyaml-2.3.jar;C:\Users\kalya\.m2\repository\org\springframework\boot\spring-boot-actuator-autoconfigure\3.4.1\spring-boot-actuator-autoconfigure-3.4.1.jar;C:\Users\kalya\.m2\repository\org\springframework\boot\spring-boot-actuator\3.4.1\spring-boot-actuator-3.4.1.jar;C:\Users\kalya\.m2\repository\com\fasterxml\jackson\core\jackson-databind\2.18.2\jackson-databind-2.18.2.jar;C:\Users\kalya\.m2\repository\io\micrometer\micrometer-observation\1.14.2\micrometer-observation-1.14.2.jar;C:\Users\kalya\.m2\repository\io\micrometer\micrometer-commons\1.14.2\micrometer-commons-1.14.2.jar;C:\Users\kalya\.m2\repository\io\micrometer\micrometer-jakarta9\1.14.2\micrometer-jakarta9-1.14.2.jar;C:\Users\kalya\.m2\repository\org\springframework\boot\spring-boot-starter-data-jpa\3.4.1\spring-boot-starter-data-jpa-3.4.1.jar;C:\Users\kalya\.m2\repository\org\springframework\boot\spring-boot-starter-jdbc\3.4.1\spring-boot-starter-jdbc-3.4.1.jar;C:\Users\kalya\.m2\repository\com\zaxxer\HikariCP\5.1.0\HikariCP-5.1.0.jar;C:\Users\kalya\.m2\repository\org\springframework\spring-jdbc\6.2.1\spring-jdbc-6.2.1.jar;C:\Users\kalya\.m2\repository\org\hibernate\orm\hibernate-core\6.6.4.Final\hibernate-core-6.6.4.Final.jar;C:\Users\kalya\.m2\repository\jakarta\persistence\jakarta.persistence-api\3.1.0\jakarta.persistence-api-3.1.0.jar;C:\Users\kalya\.m2\repository\jakarta\transaction\jakarta.transaction-api\2.0.1\jakarta.transaction-api-2.0.1.jar;C:\Users\kalya\.m2\repository\org\jboss\logging\jboss-logging\3.6.1.Final\jboss-logging-3.6.1.Final.jar;C:\Users\kalya\.m2\repository\org\hibernate\common\hibernate-commons-annotations\7.0.3.Final\hibernate-commons-annotations-7.0.3.Final.jar;C:\Users\kalya\.m2\repository\io\smallrye\jandex\3.2.0\jandex-3.2.0.jar;C:\Users\kalya\.m2\repository\com\fasterxml\classmate\1.7.0\classmate-1.7.0.jar;C:\Users\kalya\.m2\repository\net\bytebuddy\byte-buddy\1.15.11\byte-buddy-1.15.11.jar;C:\Users\kalya\.m2\repository\org\glassfish\jaxb\jaxb-runtime\4.0.5\jaxb-runtime-4.0.5.jar;C:\Users\kalya\.m2\repository\org\glassfish\jaxb\jaxb-core\4.0.5\jaxb-core-4.0.5.jar;C:\Users\kalya\.m2\repository\org\eclipse\angus\angus-activation\2.0.2\angus-activation-2.0.2.jar;C:\Users\kalya\.m2\repository\org\glassfish\jaxb\txw2\4.0.5\txw2-4.0.5.jar;C:\Users\kalya\.m2\repository\com\sun\istack\istack-commons-runtime\4.1.2\istack-commons-runtime-4.1.2.jar;C:\Users\kalya\.m2\repository\jakarta\inject\jakarta.inject-api\2.0.1\jakarta.inject-api-2.0.1.jar;C:\Users\kalya\.m2\repository\org\antlr\antlr4-runtime\4.13.0\antlr4-runtime-4.13.0.jar;C:\Users\kalya\.m2\repository\org\springframework\data\spring-data-jpa\3.4.1\spring-data-jpa-3.4.1.jar;C:\Users\kalya\.m2\repository\org\springframework\data\spring-data-commons\3.4.1\spring-data-commons-3.4.1.jar;C:\Users\kalya\.m2\repository\org\springframework\spring-orm\6.2.1\spring-orm-6.2.1.jar;C:\Users\kalya\.m2\repository\org\springframework\spring-context\6.2.1\spring-context-6.2.1.jar;C:\Users\kalya\.m2\repository\org\springframework\spring-aop\6.2.1\spring-aop-6.2.1.jar;C:\Users\kalya\.m2\repository\org\springframework\spring-tx\6.2.1\spring-tx-6.2.1.jar;C:\Users\kalya\.m2\repository\org\springframework\spring-beans\6.2.1\spring-beans-6.2.1.jar;C:\Users\kalya\.m2\repository\org\slf4j\slf4j-api\2.0.16\slf4j-api-2.0.16.jar;C:\Users\kalya\.m2\repository\org\springframework\spring-aspects\6.2.1\spring-aspects-6.2.1.jar;C:\Users\kalya\.m2\repository\org\aspectj\aspectjweaver\1.9.22.1\aspectjweaver-1.9.22.1.jar;C:\Users\kalya\.m2\repository\org\springframework\boot\spring-boot-starter-validation\3.4.1\spring-boot-starter-validation-3.4.1.jar;C:\Users\kalya\.m2\repository\org\apache\tomcat\embed\tomcat-embed-el\10.1.34\tomcat-embed-el-10.1.34.jar;C:\Users\kalya\.m2\repository\org\hibernate\validator\hibernate-validator\8.0.2.Final\hibernate-validator-8.0.2.Final.jar;C:\Users\kalya\.m2\repository\jakarta\validation\jakarta.validation-api\3.0.2\jakarta.validation-api-3.0.2.jar;C:\Users\kalya\.m2\repository\org\springframework\boot\spring-boot-starter-web\3.4.1\spring-boot-starter-web-3.4.1.jar;C:\Users\kalya\.m2\repository\org\springframework\boot\spring-boot-starter-json\3.4.1\spring-boot-starter-json-3.4.1.jar;C:\Users\kalya\.m2\repository\com\fasterxml\jackson\datatype\jackson-datatype-jdk8\2.18.2\jackson-datatype-jdk8-2.18.2.jar;C:\Users\kalya\.m2\repository\com\fasterxml\jackson\module\jackson-module-parameter-names\2.18.2\jackson-module-parameter-names-2.18.2.jar;C:\Users\kalya\.m2\repository\org\springframework\boot\spring-boot-starter-tomcat\3.4.1\spring-boot-starter-tomcat-3.4.1.jar;C:\Users\kalya\.m2\repository\org\apache\tomcat\embed\tomcat-embed-core\10.1.34\tomcat-embed-core-10.1.34.jar;C:\Users\kalya\.m2\repository\org\apache\tomcat\embed\tomcat-embed-websocket\10.1.34\tomcat-embed-websocket-10.1.34.jar;C:\Users\kalya\.m2\repository\org\springframework\spring-web\6.2.1\spring-web-6.2.1.jar;C:\Users\kalya\.m2\repository\org\springframework\spring-webmvc\6.2.1\spring-webmvc-6.2.1.jar;C:\Users\kalya\.m2\repository\org\springframework\spring-expression\6.2.1\spring-expression-6.2.1.jar;C:\Users\kalya\.m2\repository\org\flywaydb\flyway-core\10.20.1\flyway-core-10.20.1.jar;C:\Users\kalya\.m2\repository\com\fasterxml\jackson\dataformat\jackson-dataformat-toml\2.18.2\jackson-dataformat-toml-2.18.2.jar;C:\Users\kalya\.m2\repository\com\fasterxml\jackson\core\jackson-core\2.18.2\jackson-core-2.18.2.jar;C:\Users\kalya\.m2\repository\com\fasterxml\jackson\datatype\jackson-datatype-jsr310\2.18.2\jackson-datatype-jsr310-2.18.2.jar;C:\Users\kalya\.m2\repository\com\fasterxml\jackson\core\jackson-annotations\2.18.2\jackson-annotations-2.18.2.jar;C:\Users\kalya\.m2\repository\org\flywaydb\flyway-database-postgresql\10.20.1\flyway-database-postgresql-10.20.1.jar;C:\Users\kalya\.m2\repository\org\springdoc\springdoc-openapi-starter-webmvc-ui\2.6.0\springdoc-openapi-starter-webmvc-ui-2.6.0.jar;C:\Users\kalya\.m2\repository\org\springdoc\springdoc-openapi-starter-webmvc-api\2.6.0\springdoc-openapi-starter-webmvc-api-2.6.0.jar;C:\Users\kalya\.m2\repository\org\springdoc\springdoc-openapi-starter-common\2.6.0\springdoc-openapi-starter-common-2.6.0.jar;C:\Users\kalya\.m2\repository\io\swagger\core\v3\swagger-core-jakarta\2.2.22\swagger-core-jakarta-2.2.22.jar;C:\Users\kalya\.m2\repository\io\swagger\core\v3\swagger-annotations-jakarta\2.2.22\swagger-annotations-jakarta-2.2.22.jar;C:\Users\kalya\.m2\repository\io\swagger\core\v3\swagger-models-jakarta\2.2.22\swagger-models-jakarta-2.2.22.jar;C:\Users\kalya\.m2\repository\com\fasterxml\jackson\dataformat\jackson-dataformat-yaml\2.18.2\jackson-dataformat-yaml-2.18.2.jar;C:\Users\kalya\.m2\repository\org\webjars\swagger-ui\5.17.14\swagger-ui-5.17.14.jar;C:\Users\kalya\.m2\repository\org\springframework\boot\spring-boot-devtools\3.4.1\spring-boot-devtools-3.4.1.jar;C:\Users\kalya\.m2\repository\org\springframework\boot\spring-boot\3.4.1\spring-boot-3.4.1.jar;C:\Users\kalya\.m2\repository\org\springframework\boot\spring-boot-autoconfigure\3.4.1\spring-boot-autoconfigure-3.4.1.jar;C:\Users\kalya\.m2\repository\io\micrometer\micrometer-registry-prometheus\1.14.2\micrometer-registry-prometheus-1.14.2.jar;C:\Users\kalya\.m2\repository\io\micrometer\micrometer-core\1.14.2\micrometer-core-1.14.2.jar;C:\Users\kalya\.m2\repository\org\hdrhistogram\HdrHistogram\2.2.2\HdrHistogram-2.2.2.jar;C:\Users\kalya\.m2\repository\org\latencyutils\LatencyUtils\2.0.3\LatencyUtils-2.0.3.jar;C:\Users\kalya\.m2\repository\io\prometheus\prometheus-metrics-core\1.3.5\prometheus-metrics-core-1.3.5.jar;C:\Users\kalya\.m2\repository\io\prometheus\prometheus-metrics-model\1.3.5\prometheus-metrics-model-1.3.5.jar;C:\Users\kalya\.m2\repository\io\prometheus\prometheus-metrics-config\1.3.5\prometheus-metrics-config-1.3.5.jar;C:\Users\kalya\.m2\repository\io\prometheus\prometheus-metrics-tracer-common\1.3.5\prometheus-metrics-tracer-common-1.3.5.jar;C:\Users\kalya\.m2\repository\io\prometheus\prometheus-metrics-exposition-formats\1.3.5\prometheus-metrics-exposition-formats-1.3.5.jar;C:\Users\kalya\.m2\repository\io\prometheus\prometheus-metrics-exposition-textformats\1.3.5\prometheus-metrics-exposition-textformats-1.3.5.jar;C:\Users\kalya\.m2\repository\org\postgresql\postgresql\42.7.4\postgresql-42.7.4.jar;C:\Users\kalya\.m2\repository\org\checkerframework\checker-qual\3.42.0\checker-qual-3.42.0.jar;C:\Users\kalya\.m2\repository\org\springframework\boot\spring-boot-configuration-processor\3.4.1\spring-boot-configuration-processor-3.4.1.jar;C:\Users\kalya\.m2\repository\org\springframework\boot\spring-boot-starter-test\3.4.1\spring-boot-starter-test-3.4.1.jar;C:\Users\kalya\.m2\repository\org\springframework\boot\spring-boot-test\3.4.1\spring-boot-test-3.4.1.jar;C:\Users\kalya\.m2\repository\org\springframework\boot\spring-boot-test-autoconfigure\3.4.1\spring-boot-test-autoconfigure-3.4.1.jar;C:\Users\kalya\.m2\repository\com\jayway\jsonpath\json-path\2.9.0\json-path-2.9.0.jar;C:\Users\kalya\.m2\repository\jakarta\xml\bind\jakarta.xml.bind-api\4.0.2\jakarta.xml.bind-api-4.0.2.jar;C:\Users\kalya\.m2\repository\jakarta\activation\jakarta.activation-api\2.1.3\jakarta.activation-api-2.1.3.jar;C:\Users\kalya\.m2\repository\net\minidev\json-smart\2.5.1\json-smart-2.5.1.jar;C:\Users\kalya\.m2\repository\net\minidev\accessors-smart\2.5.1\accessors-smart-2.5.1.jar;C:\Users\kalya\.m2\repository\org\ow2\asm\asm\9.6\asm-9.6.jar;C:\Users\kalya\.m2\repository\org\assertj\assertj-core\3.26.3\assertj-core-3.26.3.jar;C:\Users\kalya\.m2\repository\org\awaitility\awaitility\4.2.2\awaitility-4.2.2.jar;C:\Users\kalya\.m2\repository\org\hamcrest\hamcrest\2.2\hamcrest-2.2.jar;C:\Users\kalya\.m2\repository\org\junit\jupiter\junit-jupiter\5.11.4\junit-jupiter-5.11.4.jar;C:\Users\kalya\.m2\repository\org\junit\jupiter\junit-jupiter-api\5.11.4\junit-jupiter-api-5.11.4.jar;C:\Users\kalya\.m2\repository\org\opentest4j\opentest4j\1.3.0\opentest4j-1.3.0.jar;C:\Users\kalya\.m2\repository\org\junit\platform\junit-platform-commons\1.11.4\junit-platform-commons-1.11.4.jar;C:\Users\kalya\.m2\repository\org\apiguardian\apiguardian-api\1.1.2\apiguardian-api-1.1.2.jar;C:\Users\kalya\.m2\repository\org\junit\jupiter\junit-jupiter-params\5.11.4\junit-jupiter-params-5.11.4.jar;C:\Users\kalya\.m2\repository\org\junit\jupiter\junit-jupiter-engine\5.11.4\junit-jupiter-engine-5.11.4.jar;C:\Users\kalya\.m2\repository\org\junit\platform\junit-platform-engine\1.11.4\junit-platform-engine-1.11.4.jar;C:\Users\kalya\.m2\repository\org\mockito\mockito-core\5.14.2\mockito-core-5.14.2.jar;C:\Users\kalya\.m2\repository\net\bytebuddy\byte-buddy-agent\1.15.11\byte-buddy-agent-1.15.11.jar;C:\Users\kalya\.m2\repository\org\objenesis\objenesis\3.3\objenesis-3.3.jar;C:\Users\kalya\.m2\repository\org\mockito\mockito-junit-jupiter\5.14.2\mockito-junit-jupiter-5.14.2.jar;C:\Users\kalya\.m2\repository\org\skyscreamer\jsonassert\1.5.3\jsonassert-1.5.3.jar;C:\Users\kalya\.m2\repository\com\vaadin\external\google\android-json\0.0.20131108.vaadin1\android-json-0.0.20131108.vaadin1.jar;C:\Users\kalya\.m2\repository\org\springframework\spring-core\6.2.1\spring-core-6.2.1.jar;C:\Users\kalya\.m2\repository\org\springframework\spring-jcl\6.2.1\spring-jcl-6.2.1.jar;C:\Users\kalya\.m2\repository\org\springframework\spring-test\6.2.1\spring-test-6.2.1.jar;C:\Users\kalya\.m2\repository\org\xmlunit\xmlunit-core\2.10.0\xmlunit-core-2.10.0.jar;C:\Users\kalya\.m2\repository\org\springframework\boot\spring-boot-testcontainers\3.4.1\spring-boot-testcontainers-3.4.1.jar;C:\Users\kalya\.m2\repository\org\testcontainers\testcontainers\1.20.4\testcontainers-1.20.4.jar;C:\Users\kalya\.m2\repository\junit\junit\4.13.2\junit-4.13.2.jar;C:\Users\kalya\.m2\repository\org\hamcrest\hamcrest-core\2.2\hamcrest-core-2.2.jar;C:\Users\kalya\.m2\repository\org\apache\commons\commons-compress\1.24.0\commons-compress-1.24.0.jar;C:\Users\kalya\.m2\repository\org\rnorth\duct-tape\duct-tape\1.0.8\duct-tape-1.0.8.jar;C:\Users\kalya\.m2\repository\org\jetbrains\annotations\17.0.0\annotations-17.0.0.jar;C:\Users\kalya\.m2\repository\com\github\docker-java\docker-java-api\3.4.0\docker-java-api-3.4.0.jar;C:\Users\kalya\.m2\repository\com\github\docker-java\docker-java-transport-zerodep\3.4.0\docker-java-transport-zerodep-3.4.0.jar;C:\Users\kalya\.m2\repository\com\github\docker-java\docker-java-transport\3.4.0\docker-java-transport-3.4.0.jar;C:\Users\kalya\.m2\repository\net\java\dev\jna\jna\5.13.0\jna-5.13.0.jar;C:\Users\kalya\.m2\repository\org\testcontainers\junit-jupiter\1.20.4\junit-jupiter-1.20.4.jar;C:\Users\kalya\.m2\repository\org\testcontainers\postgresql\1.20.4\postgresql-1.20.4.jar;C:\Users\kalya\.m2\repository\org\testcontainers\jdbc\1.20.4\jdbc-1.20.4.jar;C:\Users\kalya\.m2\repository\org\testcontainers\database-commons\1.20.4\database-commons-1.20.4.jar;C:\Users\kalya\.m2\repository\io\rest-assured\rest-assured\5.5.0\rest-assured-5.5.0.jar;C:\Users\kalya\.m2\repository\org\apache\groovy\groovy\4.0.24\groovy-4.0.24.jar;C:\Users\kalya\.m2\repository\org\apache\groovy\groovy-xml\4.0.24\groovy-xml-4.0.24.jar;C:\Users\kalya\.m2\repository\org\apache\httpcomponents\httpclient\4.5.13\httpclient-4.5.13.jar;C:\Users\kalya\.m2\repository\org\apache\httpcomponents\httpcore\4.4.16\httpcore-4.4.16.jar;C:\Users\kalya\.m2\repository\commons-logging\commons-logging\1.2\commons-logging-1.2.jar;C:\Users\kalya\.m2\repository\commons-codec\commons-codec\1.17.1\commons-codec-1.17.1.jar;C:\Users\kalya\.m2\repository\org\apache\httpcomponents\httpmime\4.5.13\httpmime-4.5.13.jar;C:\Users\kalya\.m2\repository\org\ccil\cowan\tagsoup\tagsoup\1.2.1\tagsoup-1.2.1.jar;C:\Users\kalya\.m2\repository\io\rest-assured\json-path\5.5.0\json-path-5.5.0.jar;C:\Users\kalya\.m2\repository\org\apache\groovy\groovy-json\4.0.24\groovy-json-4.0.24.jar;C:\Users\kalya\.m2\repository\io\rest-assured\rest-assured-common\5.5.0\rest-assured-common-5.5.0.jar;C:\Users\kalya\.m2\repository\io\rest-assured\xml-path\5.5.0\xml-path-5.5.0.jar;C:\Users\kalya\.m2\repository\org\apache\commons\commons-lang3\3.17.0\commons-lang3-3.17.0.jar;"/>
    <property name="sun.cpu.endian" value="little"/>
    <property name="user.home" value="C:\Users\kalya"/>
    <property name="user.language" value="en"/>
    <property name="java.specification.vendor" value="Oracle Corporation"/>
    <property name="java.version.date" value="2024-10-15"/>
    <property name="java.home" value="C:\Users\kalya\.sdkman\candidates\java\current"/>
    <property name="file.separator" value="\"/>
    <property name="basedir" value="C:\Users\kalya\OneDrive\Documents\springboot projects\spring-boot-microservices-course\catalog-service"/>
    <property name="java.vm.compressedOopsMode" value="Zero based"/>
    <property name="line.separator" value="&#10;"/>
    <property name="java.vm.specification.vendor" value="Oracle Corporation"/>
    <property name="java.specification.name" value="Java Platform API Specification"/>
    <property name="FILE_LOG_CHARSET" value="UTF-8"/>
    <property name="java.awt.headless" value="true"/>
    <property name="surefire.real.class.path" value="C:\Users\kalya\AppData\Local\Temp\surefire6306966584268353\surefirebooter-20250125122714879_3.jar"/>
    <property name="user.script" value=""/>
    <property name="polyglot.engine.WarnInterpreterOnly" value="false"/>
    <property name="sun.management.compiler" value="HotSpot 64-Bit Tiered Compilers"/>
    <property name="java.runtime.version" value="21.0.5+11-LTS"/>
    <property name="user.name" value="kalya"/>
    <property name="stdout.encoding" value="Cp1252"/>
    <property name="path.separator" value=";"/>
    <property name="os.version" value="10.0"/>
    <property name="java.runtime.name" value="OpenJDK Runtime Environment"/>
    <property name="file.encoding" value="UTF-8"/>
    <property name="java.vm.name" value="OpenJDK 64-Bit Server VM"/>
    <property name="java.vendor.version" value="Corretto-21.0.5.11.1"/>
    <property name="localRepository" value="C:\Users\kalya\.m2\repository"/>
    <property name="java.vendor.url.bug" value="https://github.com/corretto/corretto-21/issues/"/>
    <property name="java.io.tmpdir" value="C:\Users\kalya\AppData\Local\Temp\"/>
    <property name="catalina.home" value="C:\Users\kalya\AppData\Local\Temp\tomcat.0.1910874567871601796"/>
    <property name="com.zaxxer.hikari.pool_number" value="2"/>
    <property name="java.version" value="21.0.5"/>
    <property name="user.dir" value="C:\Users\kalya\OneDrive\Documents\springboot projects\spring-boot-microservices-course\catalog-service"/>
    <property name="os.arch" value="amd64"/>
    <property name="java.vm.specification.name" value="Java Virtual Machine Specification"/>
    <property name="PID" value="13984"/>
    <property name="sun.os.patch.level" value=""/>
    <property name="CONSOLE_LOG_CHARSET" value="UTF-8"/>
    <property name="catalina.base" value="C:\Users\kalya\AppData\Local\Temp\tomcat.0.1910874567871601796"/>
    <property name="native.encoding" value="Cp1252"/>
    <property name="java.library.path" value="C:\Users\kalya\.sdkman\candidates\java\current\bin;C:\WINDOWS\Sun\Java\bin;C:\WINDOWS\system32;C:\WINDOWS;C:\Users\kalya\.sdkman\candidates\maven\current\bin;C:\Users\kalya\.sdkman\candidates\java\current\bin;C:\Program Files\Git\mingw64\bin;C:\Program Files\Git\usr\bin;C:\Users\kalya\bin;C:\Informatica\10.4.1\java\jre\bin\server;C:\Informatica\10.4.1\tools\odbcdrv;C:\Informatica\10.4.1\tools\jdbcdrv;C:\Informatica\10.4.1\tools\sharedlibs;C:\Informatica\10.4.1\tools\datadirect;C:\oraclexe\app\oracle\product\11.2.0\server\bin;C:\Program Files (x86)\Yarn\bin;C:\Program Files\Common Files\Oracle\Java\javapath;C:\Program Files (x86)\Common Files\Oracle\Java\java8path;C:\Program Files (x86)\Common Files\Oracle\Java\javapath;C:\WINDOWS\system32;C:\Program Files\Java\jdk-22\bin;C:\WINDOWS;C:\WINDOWS\System32\Wbem;C:\WINDOWS\System32\WindowsPowerShell\v1.0;C:\WINDOWS\System32\OpenSSH;C:\Program Files\dotnet;C:\JAVA\jdk-1.8\bin;C:\SPARK\bin;C:\SPARK\sbin;C:\Program Files\Azure Data Studio\bin;C:\Program Files\nodejs;C:\ProgramData\chocolatey\bin;C:\Users\kalya\Downloads\flutter_windows_3.24.3-stable\flutter\bin;C:\Program Files\Docker\Docker\resources\bin;C:\Program Files\Git\cmd;C:\Program Files\Amazon\AWSCLIV2;C:\apache-maven-3.9.9\bin;C:\Users\kalya\.sdkman\candidates\java\21.0.5-amzn\bin;C:\Informatica\10.4.1\java\jre\bin\server;C:\Informatica\10.4.1\tools\odbcdrv;C:\Informatica\10.4.1\tools\jdbcdrv;C:\Informatica\10.4.1\tools\sharedlibs;C:\Informatica\10.4.1\tools\datadirect;C:\oraclexe\app\oracle\product\11.2.0\server\bin;C:\Program Files (x86)\Yarn\bin;C:\Program Files\Common Files\Oracle\Java\javapath;C:\Program Files (x86)\Common Files\Oracle\Java\java8path;C:\Program Files (x86)\Common Files\Oracle\Java\javapath;C:\WINDOWS\system32;C:\Program Files\Java\jdk-22\bin;C:\WINDOWS;C:\WINDOWS\System32\Wbem;C:\WINDOWS\System32\WindowsPowerShell\v1.0;C:\WINDOWS\System32\OpenSSH;C:\Program Files\dotnet;C:\JAVA\jdk-1.8\bin;C:\SPARK\bin;C:\SPARK\sbin;C:\Program Files\Azure Data Studio\bin;C:\Program Files\nodejs;C:\ProgramData\chocolatey\bin;C:\Users\kalya\Downloads\flutter_windows_3.24.3-stable\flutter\bin;C:\Program Files\Docker\Docker\resources\bin;C:\Program Files\Git\cmd;C:\Program Files\Amazon\AWSCLIV2;C:\apache-maven-3.9.9\bin;C:\Users\kalya\.sdkman\candidates\java\21.0.5-amzn\bin;C:\Users\kalya\AppData\Roaming\npm;C:\Users\kalya\AppData\Local\Microsoft\WindowsApps;C:\Users\kalya\AppData\Local\Programs\Microsoft VS Code\bin;C:\Users\kalya\AppData\Local\Yarn\bin;C:\Users\kalya\.sdkman\candidates\java\21.0.5-amzn\bin;C:\Users\kalya\bin;."/>
    <property name="java.vm.info" value="mixed mode, sharing"/>
    <property name="stderr.encoding" value="Cp1252"/>
    <property name="java.vendor" value="Amazon.com Inc."/>
    <property name="java.vm.version" value="21.0.5+11-LTS"/>
    <property name="sun.io.unicode.encoding" value="UnicodeLittle"/>
    <property name="java.class.version" value="65.0"/>
    <property name="LOGGED_APPLICATION_NAME" value="[catalog-service] "/>
  </properties>
  <testcase name="shouldReturnEmptyWhenProductCodeNotExists" classname="com.kalyan.catalog_service.domain.ProductRepositoryTest" time="0.666">
    <system-out><![CDATA[2025-01-25T12:27:58.954-05:00  INFO 13984 --- [catalog-service] [           main] t.c.s.AnnotationConfigContextLoaderUtils : Could not detect default configuration classes for test class [com.kalyan.catalog_service.domain.ProductRepositoryTest]: ProductRepositoryTest does not declare any static, non-private, non-final, nested classes annotated with @Configuration.
2025-01-25T12:27:59.058-05:00  INFO 13984 --- [catalog-service] [           main] .b.t.c.SpringBootTestContextBootstrapper : Found @SpringBootConfiguration com.kalyan.catalog_service.CatalogServiceApplication for test class com.kalyan.catalog_service.domain.ProductRepositoryTest
2025-01-25T12:27:59.069-05:00  INFO 13984 --- [catalog-service] [           main] o.s.b.d.r.RestartApplicationListener     : Restart disabled due to context in which it is running

  .   ____          _            __ _ _
 /\\ / ___'_ __ _ _(_)_ __  __ _ \ \ \ \
( ( )\___ | '_ | '_| | '_ \/ _` | \ \ \ \
 \\/  ___)| |_)| | | | | || (_| |  ) ) ) )
  '  |____| .__|_| |_|_| |_\__, | / / / /
 =========|_|==============|___/=/_/_/_/

 :: Spring Boot ::                (v3.4.1)

2025-01-25T12:27:59.129-05:00  INFO 13984 --- [catalog-service] [           main] c.k.c.domain.ProductRepositoryTest       : Starting ProductRepositoryTest using Java 21.0.5 with PID 13984 (started by kalya in C:\Users\kalya\OneDrive\Documents\springboot projects\spring-boot-microservices-course\catalog-service)
2025-01-25T12:27:59.130-05:00  INFO 13984 --- [catalog-service] [           main] c.k.c.domain.ProductRepositoryTest       : No active profile set, falling back to 1 default profile: "default"
2025-01-25T12:27:59.279-05:00  INFO 13984 --- [catalog-service] [           main] .s.d.r.c.RepositoryConfigurationDelegate : Bootstrapping Spring Data JPA repositories in DEFAULT mode.
2025-01-25T12:27:59.296-05:00  INFO 13984 --- [catalog-service] [           main] .s.d.r.c.RepositoryConfigurationDelegate : Finished Spring Data repository scanning in 15 ms. Found 1 JPA repository interface.
2025-01-25T12:27:59.383-05:00  INFO 13984 --- [catalog-service] [           main] com.zaxxer.hikari.HikariDataSource       : HikariPool-2 - Starting...
2025-01-25T12:27:59.395-05:00  INFO 13984 --- [catalog-service] [           main] tc.postgres:17-alpine                    : Creating container for image: postgres:17-alpine
2025-01-25T12:27:59.586-05:00  INFO 13984 --- [catalog-service] [           main] tc.postgres:17-alpine                    : Container postgres:17-alpine is starting: 5bba08ee2d56e239671c8bbfb62ece1b787334a45072c5719d7abd69bfcab51e
2025-01-25T12:28:01.732-05:00  INFO 13984 --- [catalog-service] [           main] tc.postgres:17-alpine                    : Container postgres:17-alpine started in PT2.336863S
2025-01-25T12:28:01.732-05:00  INFO 13984 --- [catalog-service] [           main] tc.postgres:17-alpine                    : Container is started (JDBC URL: jdbc:postgresql://localhost:1622/test?loggerLevel=OFF)
2025-01-25T12:28:01.781-05:00  INFO 13984 --- [catalog-service] [           main] com.zaxxer.hikari.pool.HikariPool        : HikariPool-2 - Added connection org.testcontainers.jdbc.ConnectionWrapper@2ddb0d1a
2025-01-25T12:28:01.781-05:00  INFO 13984 --- [catalog-service] [           main] com.zaxxer.hikari.HikariDataSource       : HikariPool-2 - Start completed.
2025-01-25T12:28:01.784-05:00  INFO 13984 --- [catalog-service] [           main] org.flywaydb.core.FlywayExecutor         : Database: jdbc:postgresql://localhost:1622/test?loggerLevel=OFF (PostgreSQL 17.2)
2025-01-25T12:28:01.820-05:00  INFO 13984 --- [catalog-service] [           main] o.f.c.i.s.JdbcTableSchemaHistory         : Schema history table "public"."flyway_schema_history" does not exist yet
2025-01-25T12:28:01.823-05:00  INFO 13984 --- [catalog-service] [           main] o.f.core.internal.command.DbValidate     : Successfully validated 2 migrations (execution time 00:00.013s)
2025-01-25T12:28:01.856-05:00  INFO 13984 --- [catalog-service] [           main] o.f.c.i.s.JdbcTableSchemaHistory         : Creating Schema History table "public"."flyway_schema_history" ...
2025-01-25T12:28:01.948-05:00  INFO 13984 --- [catalog-service] [           main] o.f.core.internal.command.DbMigrate      : Current version of schema "public": << Empty Schema >>
2025-01-25T12:28:01.960-05:00  INFO 13984 --- [catalog-service] [           main] o.f.core.internal.command.DbMigrate      : Migrating schema "public" to version "1 - create products table"
2025-01-25T12:28:02.056-05:00  INFO 13984 --- [catalog-service] [           main] o.f.core.internal.command.DbMigrate      : Migrating schema "public" to version "2 - add books data"
2025-01-25T12:28:02.107-05:00  INFO 13984 --- [catalog-service] [           main] o.f.core.internal.command.DbMigrate      : Successfully applied 2 migrations to schema "public", now at version v2 (execution time 00:00.054s)
2025-01-25T12:28:02.168-05:00  INFO 13984 --- [catalog-service] [           main] o.hibernate.jpa.internal.util.LogHelper  : HHH000204: Processing PersistenceUnitInfo [name: default]
2025-01-25T12:28:02.176-05:00  INFO 13984 --- [catalog-service] [           main] o.h.c.internal.RegionFactoryInitiator    : HHH000026: Second-level cache disabled
2025-01-25T12:28:02.196-05:00  INFO 13984 --- [catalog-service] [           main] o.s.o.j.p.SpringPersistenceUnitInfo      : No LoadTimeWeaver setup: ignoring JPA class transformer
2025-01-25T12:28:02.220-05:00  INFO 13984 --- [catalog-service] [           main] org.hibernate.orm.connections.pooling    : HHH10001005: Database info:
	Database JDBC URL [Connecting through datasource 'HikariDataSource (HikariPool-2)']
	Database driver: undefined/unknown
	Database version: 17.2
	Autocommit mode: undefined/unknown
	Isolation level: undefined/unknown
	Minimum pool size: undefined/unknown
	Maximum pool size: undefined/unknown
2025-01-25T12:28:02.312-05:00  INFO 13984 --- [catalog-service] [           main] o.h.e.t.j.p.i.JtaPlatformInitiator       : HHH000489: No JTA platform available (set 'hibernate.transaction.jta.platform' to enable JTA platform integration)
2025-01-25T12:28:02.313-05:00  INFO 13984 --- [catalog-service] [           main] j.LocalContainerEntityManagerFactoryBean : Initialized JPA EntityManagerFactory for persistence unit 'default'
2025-01-25T12:28:02.376-05:00  INFO 13984 --- [catalog-service] [           main] c.k.c.domain.ProductRepositoryTest       : Started ProductRepositoryTest in 3.307 seconds (process running for 47.264)
Hibernate: select pe1_0.id,pe1_0.code,pe1_0.description,pe1_0.image_url,pe1_0.name,pe1_0.price from products pe1_0 where pe1_0.code=?
]]></system-out>
  </testcase>
  <testcase name="shouldGetProductByCode" classname="com.kalyan.catalog_service.domain.ProductRepositoryTest" time="0.059">
    <system-out><![CDATA[Hibernate: select pe1_0.id,pe1_0.code,pe1_0.description,pe1_0.image_url,pe1_0.name,pe1_0.price from products pe1_0 where pe1_0.code=?
]]></system-out>
  </testcase>
  <testcase name="shouldGetAllProducts" classname="com.kalyan.catalog_service.domain.ProductRepositoryTest" time="0.077">
    <system-out><![CDATA[Hibernate: select pe1_0.id,pe1_0.code,pe1_0.description,pe1_0.image_url,pe1_0.name,pe1_0.price from products pe1_0
]]></system-out>
  </testcase>
</testsuite>